[debug] [2020-11-28T17:50:41.956Z] ----------------------------------------------------------------------
[debug] [2020-11-28T17:50:41.959Z] Command:       /usr/bin/node /usr/bin/firebase emulators:start
[debug] [2020-11-28T17:50:41.959Z] CLI Version:   8.16.2
[debug] [2020-11-28T17:50:41.959Z] Platform:      linux
[debug] [2020-11-28T17:50:41.959Z] Node Version:  v12.19.1
[debug] [2020-11-28T17:50:41.966Z] Time:          Sat Nov 28 2020 12:50:41 GMT-0500 (Eastern Standard Time)
[debug] [2020-11-28T17:50:41.966Z] ----------------------------------------------------------------------
[debug] [2020-11-28T17:50:41.966Z] 
[debug] [2020-11-28T17:50:41.980Z] > command requires scopes: ["email","openid","https://www.googleapis.com/auth/cloudplatformprojects.readonly","https://www.googleapis.com/auth/firebase","https://www.googleapis.com/auth/cloud-platform"]
[debug] [2020-11-28T17:50:41.981Z] > authorizing via signed-in user
[info] i  emulators: Starting emulators: functions, hosting {"metadata":{"emulator":{"name":"hub"},"message":"Starting emulators: functions, hosting"}}
[debug] [2020-11-28T17:50:42.002Z] [hub] writing locator at /tmp/hub-torre-app.json
[warn] ⚠  functions: The following emulators are not running, calls to these services from the Functions emulator will affect production: auth, firestore, database, pubsub {"metadata":{"emulator":{"name":"functions"},"message":"The following emulators are not running, calls to these services from the Functions emulator will affect production: \u001b[1mauth, firestore, database, pubsub\u001b[22m"}}
[info] ✔  functions: Using node@12 from host. {"metadata":{"emulator":{"name":"functions"},"message":"Using node@12 from host."}}
[debug] [2020-11-28T17:50:42.070Z] defaultcredentials: writing to file /home/naguihw/.config/firebase/naguihw_gmail_com_application_default_credentials.json
[debug] [2020-11-28T17:50:42.076Z] Setting GAC to /home/naguihw/.config/firebase/naguihw_gmail_com_application_default_credentials.json {"metadata":{"emulator":{"name":"functions"},"message":"Setting GAC to /home/naguihw/.config/firebase/naguihw_gmail_com_application_default_credentials.json"}}
[debug] [2020-11-28T17:50:42.086Z] >>> HTTP REQUEST GET https://firebase.googleapis.com/v1beta1/projects/torre-app/webApps/-/config  
 
[debug] [2020-11-28T17:50:42.671Z] <<< HTTP RESPONSE 200 {"content-type":"application/json; charset=UTF-8","vary":"X-Origin, Referer, Origin,Accept-Encoding","date":"Sat, 28 Nov 2020 17:50:42 GMT","server":"ESF","cache-control":"private","x-xss-protection":"0","x-frame-options":"SAMEORIGIN","x-content-type-options":"nosniff","alt-svc":"h3-29=\":443\"; ma=2592000,h3-T051=\":443\"; ma=2592000,h3-Q050=\":443\"; ma=2592000,h3-Q046=\":443\"; ma=2592000,h3-Q043=\":443\"; ma=2592000,quic=\":443\"; ma=2592000; v=\"46,43\"","accept-ranges":"none","transfer-encoding":"chunked"}
[info] i  hosting: Serving hosting files from: build {"metadata":{"emulator":{"name":"hosting"},"message":"Serving hosting files from: \u001b[1mbuild\u001b[22m"}}
[info] ✔  hosting: Local server: http://127.0.0.1:5000 {"metadata":{"emulator":{"name":"hosting"},"message":"Local server: \u001b[4m\u001b[1mhttp://127.0.0.1:5000\u001b[22m\u001b[24m"}}
[info] i  ui: downloading ui-v1.2.2.zip... {"metadata":{"emulator":{"name":"ui"},"message":"downloading ui-v1.2.2.zip..."}}
[debug] [2020-11-28T17:50:42.739Z] >>> [apiv2][query] GET https://storage.googleapis.com/firebase-preview-drop/emulator/ui-v1.2.2.zip [none]
[debug] [2020-11-28T17:50:43.038Z] <<< [apiv2][status] GET https://storage.googleapis.com/firebase-preview-drop/emulator/ui-v1.2.2.zip 200
[debug] [2020-11-28T17:50:43.039Z] <<< [apiv2][body] GET https://storage.googleapis.com/firebase-preview-drop/emulator/ui-v1.2.2.zip [stream]
[debug] [2020-11-28T17:50:43.936Z] Ignoring unsupported arg: auto_download {"metadata":{"emulator":{"name":"ui"},"message":"Ignoring unsupported arg: auto_download"}}
[debug] [2020-11-28T17:50:43.936Z] Ignoring unsupported arg: port {"metadata":{"emulator":{"name":"ui"},"message":"Ignoring unsupported arg: port"}}
[debug] [2020-11-28T17:50:43.936Z] Starting Emulator UI with command {"binary":"node","args":["/home/naguihw/.cache/firebase/emulators/ui-v1.2.2/server.bundle.js"],"optionalArgs":[],"joinArgs":false} {"metadata":{"emulator":{"name":"ui"},"message":"Starting Emulator UI with command {\"binary\":\"node\",\"args\":[\"/home/naguihw/.cache/firebase/emulators/ui-v1.2.2/server.bundle.js\"],\"optionalArgs\":[],\"joinArgs\":false}"}}
[info] i  ui: Emulator UI logging to ui-debug.log {"metadata":{"emulator":{"name":"ui"},"message":"Emulator UI logging to \u001b[1mui-debug.log\u001b[22m"}}
[debug] [2020-11-28T17:50:44.088Z] Web / API server started at http://127.0.0.1:4000
 {"metadata":{"emulator":{"name":"ui"},"message":"Web / API server started at http://127.0.0.1:4000\n"}}
[info] i  functions: Watching "/mnt/c/Users/NaguiHW/Desktop/myProjects/frontend/torre-app/functions" for Cloud Functions... {"metadata":{"emulator":{"name":"functions"},"message":"Watching \"/mnt/c/Users/NaguiHW/Desktop/myProjects/frontend/torre-app/functions\" for Cloud Functions..."}}
[debug] [2020-11-28T17:50:44.258Z] [worker-pool] addWorker(~diagnostic~) {"metadata":{"emulator":{"name":"functions"},"message":"[worker-pool] addWorker(~diagnostic~)"}}
[debug] [2020-11-28T17:50:44.259Z] [worker-pool] Adding worker with key ~diagnostic~, total=1 {"metadata":{"emulator":{"name":"functions"},"message":"[worker-pool] Adding worker with key ~diagnostic~, total=1"}}
[debug] [2020-11-28T17:50:44.259Z] [worker-pool] submitWork(triggerId=) {"metadata":{"emulator":{"name":"functions"},"message":"[worker-pool] submitWork(triggerId=)"}}
[debug] [2020-11-28T17:50:44.260Z] [worker-~diagnostic~-4bdf78e4-87f4-4cb8-8975-d451f5797a03]: Assigning socketPath: /tmp/fire_emu_5803.sock {"metadata":{"emulator":{"name":"functions"},"message":"[worker-~diagnostic~-4bdf78e4-87f4-4cb8-8975-d451f5797a03]: Assigning socketPath: /tmp/fire_emu_5803.sock"}}
[debug] [2020-11-28T17:50:44.260Z] [worker-~diagnostic~-4bdf78e4-87f4-4cb8-8975-d451f5797a03]: BUSY {"metadata":{"emulator":{"name":"functions"},"message":"[worker-~diagnostic~-4bdf78e4-87f4-4cb8-8975-d451f5797a03]: BUSY"}}
[debug] [2020-11-28T17:50:44.712Z] [runtime-status] [5803] Functions runtime initialized. {"cwd":"/mnt/c/Users/NaguiHW/Desktop/myProjects/frontend/torre-app/functions","node_version":"12.19.1"} {"metadata":{"emulator":{"name":"functions"},"message":"[runtime-status] [5803] Functions runtime initialized. {\"cwd\":\"/mnt/c/Users/NaguiHW/Desktop/myProjects/frontend/torre-app/functions\",\"node_version\":\"12.19.1\"}"}}
[debug] [2020-11-28T17:50:44.716Z] [runtime-status] [5803] Disabled runtime features: undefined {"metadata":{"emulator":{"name":"functions"},"message":"[runtime-status] [5803] Disabled runtime features: undefined"}}
[debug] [2020-11-28T17:50:44.718Z] [runtime-status] [5803] Resolved module firebase-admin {"declared":true,"installed":true,"version":"9.4.1","resolution":"/mnt/c/Users/NaguiHW/Desktop/myProjects/frontend/torre-app/functions/node_modules/firebase-admin/lib/index.js"} {"metadata":{"emulator":{"name":"functions"},"message":"[runtime-status] [5803] Resolved module firebase-admin {\"declared\":true,\"installed\":true,\"version\":\"9.4.1\",\"resolution\":\"/mnt/c/Users/NaguiHW/Desktop/myProjects/frontend/torre-app/functions/node_modules/firebase-admin/lib/index.js\"}"}}
[debug] [2020-11-28T17:50:44.723Z] [runtime-status] [5803] Resolved module firebase-functions {"declared":true,"installed":true,"version":"3.11.0","resolution":"/mnt/c/Users/NaguiHW/Desktop/myProjects/frontend/torre-app/functions/node_modules/firebase-functions/lib/index.js"} {"metadata":{"emulator":{"name":"functions"},"message":"[runtime-status] [5803] Resolved module firebase-functions {\"declared\":true,\"installed\":true,\"version\":\"3.11.0\",\"resolution\":\"/mnt/c/Users/NaguiHW/Desktop/myProjects/frontend/torre-app/functions/node_modules/firebase-functions/lib/index.js\"}"}}
[debug] [2020-11-28T17:50:44.724Z] [runtime-status] [5803] Resolved module firebase-functions {"declared":true,"installed":true,"version":"3.11.0","resolution":"/mnt/c/Users/NaguiHW/Desktop/myProjects/frontend/torre-app/functions/node_modules/firebase-functions/lib/index.js"} {"metadata":{"emulator":{"name":"functions"},"message":"[runtime-status] [5803] Resolved module firebase-functions {\"declared\":true,\"installed\":true,\"version\":\"3.11.0\",\"resolution\":\"/mnt/c/Users/NaguiHW/Desktop/myProjects/frontend/torre-app/functions/node_modules/firebase-functions/lib/index.js\"}"}}
[debug] [2020-11-28T17:50:44.726Z] [runtime-status] [5803] Outgoing network have been stubbed. [{"name":"http","status":"mocked"},{"name":"http","status":"mocked"},{"name":"https","status":"mocked"},{"name":"https","status":"mocked"},{"name":"net","status":"mocked"}] {"metadata":{"emulator":{"name":"functions"},"message":"[runtime-status] [5803] Outgoing network have been stubbed. [{\"name\":\"http\",\"status\":\"mocked\"},{\"name\":\"http\",\"status\":\"mocked\"},{\"name\":\"https\",\"status\":\"mocked\"},{\"name\":\"https\",\"status\":\"mocked\"},{\"name\":\"net\",\"status\":\"mocked\"}]"}}
[debug] [2020-11-28T17:50:44.726Z] [runtime-status] [5803] Resolved module firebase-functions {"declared":true,"installed":true,"version":"3.11.0","resolution":"/mnt/c/Users/NaguiHW/Desktop/myProjects/frontend/torre-app/functions/node_modules/firebase-functions/lib/index.js"} {"metadata":{"emulator":{"name":"functions"},"message":"[runtime-status] [5803] Resolved module firebase-functions {\"declared\":true,\"installed\":true,\"version\":\"3.11.0\",\"resolution\":\"/mnt/c/Users/NaguiHW/Desktop/myProjects/frontend/torre-app/functions/node_modules/firebase-functions/lib/index.js\"}"}}
[debug] [2020-11-28T17:50:44.806Z] [runtime-status] [5803] Checked functions.config() {"config":{}} {"metadata":{"emulator":{"name":"functions"},"message":"[runtime-status] [5803] Checked functions.config() {\"config\":{}}"}}
[debug] [2020-11-28T17:50:44.806Z] [runtime-status] [5803] firebase-functions has been stubbed. {"functionsResolution":{"declared":true,"installed":true,"version":"3.11.0","resolution":"/mnt/c/Users/NaguiHW/Desktop/myProjects/frontend/torre-app/functions/node_modules/firebase-functions/lib/index.js"}} {"metadata":{"emulator":{"name":"functions"},"message":"[runtime-status] [5803] firebase-functions has been stubbed. {\"functionsResolution\":{\"declared\":true,\"installed\":true,\"version\":\"3.11.0\",\"resolution\":\"/mnt/c/Users/NaguiHW/Desktop/myProjects/frontend/torre-app/functions/node_modules/firebase-functions/lib/index.js\"}}"}}
[debug] [2020-11-28T17:50:44.807Z] [runtime-status] [5803] Resolved module firebase-functions {"declared":true,"installed":true,"version":"3.11.0","resolution":"/mnt/c/Users/NaguiHW/Desktop/myProjects/frontend/torre-app/functions/node_modules/firebase-functions/lib/index.js"} {"metadata":{"emulator":{"name":"functions"},"message":"[runtime-status] [5803] Resolved module firebase-functions {\"declared\":true,\"installed\":true,\"version\":\"3.11.0\",\"resolution\":\"/mnt/c/Users/NaguiHW/Desktop/myProjects/frontend/torre-app/functions/node_modules/firebase-functions/lib/index.js\"}"}}
[debug] [2020-11-28T17:50:44.810Z] [runtime-status] [5803] Resolved module firebase-admin {"declared":true,"installed":true,"version":"9.4.1","resolution":"/mnt/c/Users/NaguiHW/Desktop/myProjects/frontend/torre-app/functions/node_modules/firebase-admin/lib/index.js"} {"metadata":{"emulator":{"name":"functions"},"message":"[runtime-status] [5803] Resolved module firebase-admin {\"declared\":true,\"installed\":true,\"version\":\"9.4.1\",\"resolution\":\"/mnt/c/Users/NaguiHW/Desktop/myProjects/frontend/torre-app/functions/node_modules/firebase-admin/lib/index.js\"}"}}
[debug] [2020-11-28T17:50:44.811Z] [runtime-status] [5803] Resolved module firebase-functions {"declared":true,"installed":true,"version":"3.11.0","resolution":"/mnt/c/Users/NaguiHW/Desktop/myProjects/frontend/torre-app/functions/node_modules/firebase-functions/lib/index.js"} {"metadata":{"emulator":{"name":"functions"},"message":"[runtime-status] [5803] Resolved module firebase-functions {\"declared\":true,\"installed\":true,\"version\":\"3.11.0\",\"resolution\":\"/mnt/c/Users/NaguiHW/Desktop/myProjects/frontend/torre-app/functions/node_modules/firebase-functions/lib/index.js\"}"}}
[debug] [2020-11-28T17:50:44.812Z] [runtime-status] [5803] firebase-admin has been stubbed. {"adminResolution":{"declared":true,"installed":true,"version":"9.4.1","resolution":"/mnt/c/Users/NaguiHW/Desktop/myProjects/frontend/torre-app/functions/node_modules/firebase-admin/lib/index.js"}} {"metadata":{"emulator":{"name":"functions"},"message":"[runtime-status] [5803] firebase-admin has been stubbed. {\"adminResolution\":{\"declared\":true,\"installed\":true,\"version\":\"9.4.1\",\"resolution\":\"/mnt/c/Users/NaguiHW/Desktop/myProjects/frontend/torre-app/functions/node_modules/firebase-admin/lib/index.js\"}}"}}
[info] ✔  functions[api]: http function initialized (http://127.0.0.1:5001/torre-app/us-central1/api). {"metadata":{"emulator":{"name":"functions"},"message":"\u001b[1mhttp\u001b[22m function initialized (http://127.0.0.1:5001/torre-app/us-central1/api)."}}
[info] 
┌────────────────────────────────────────────────────────────────┐
│ ✔  All emulators ready! View status and logs at 127.0.0.1:4000 │
└────────────────────────────────────────────────────────────────┘

┌───────────┬────────────────┬──────────────────────────┐
│ Emulator  │ Host:Port      │ View in Emulator UI      │
├───────────┼────────────────┼──────────────────────────┤
│ Functions │ 127.0.0.1:5001 │ 127.0.0.1:4000/functions │
├───────────┼────────────────┼──────────────────────────┤
│ Hosting   │ 127.0.0.1:5000 │ n/a                      │
└───────────┴────────────────┴──────────────────────────┘
  Other reserved ports: 4400, 4500

Issues? Report them at https://github.com/firebase/firebase-tools/issues and attach the *-debug.log files.
 
[debug] [2020-11-28T17:50:45.071Z] [worker-~diagnostic~-4bdf78e4-87f4-4cb8-8975-d451f5797a03]: IDLE {"metadata":{"emulator":{"name":"functions"},"message":"[worker-~diagnostic~-4bdf78e4-87f4-4cb8-8975-d451f5797a03]: IDLE"}}
[debug] [2020-11-28T17:52:07.952Z] [work-queue] {"queueLength":1,"workRunningCount":0}
[debug] [2020-11-28T17:52:07.953Z] [work-queue] {"queueLength":0,"workRunningCount":1}
[debug] [2020-11-28T17:52:07.953Z] Accepted request GET /torre-app/us-central1/api --> api
[debug] [2020-11-28T17:52:08.028Z] [worker-pool] addWorker(api) {"metadata":{"emulator":{"name":"functions"},"message":"[worker-pool] addWorker(api)"}}
[debug] [2020-11-28T17:52:08.029Z] [worker-pool] Adding worker with key api, total=1 {"metadata":{"emulator":{"name":"functions"},"message":"[worker-pool] Adding worker with key api, total=1"}}
[debug] [2020-11-28T17:52:08.029Z] [worker-pool] submitWork(triggerId=api) {"metadata":{"emulator":{"name":"functions"},"message":"[worker-pool] submitWork(triggerId=api)"}}
[debug] [2020-11-28T17:52:08.029Z] [worker-api-b7d99303-b92b-475f-ad96-927a105e51e6]: Assigning socketPath: /tmp/fire_emu_5814.sock {"metadata":{"emulator":{"name":"functions"},"message":"[worker-api-b7d99303-b92b-475f-ad96-927a105e51e6]: Assigning socketPath: /tmp/fire_emu_5814.sock"}}
[debug] [2020-11-28T17:52:08.030Z] [worker-api-b7d99303-b92b-475f-ad96-927a105e51e6]: BUSY {"metadata":{"emulator":{"name":"functions"},"message":"[worker-api-b7d99303-b92b-475f-ad96-927a105e51e6]: BUSY"}}
[debug] [2020-11-28T17:52:09.109Z] [runtime-status] [5814] Functions runtime initialized. {"cwd":"/mnt/c/Users/NaguiHW/Desktop/myProjects/frontend/torre-app/functions","node_version":"12.19.1"} {"metadata":{"emulator":{"name":"functions"},"function":{"name":"api"},"message":"[runtime-status] [5814] Functions runtime initialized. {\"cwd\":\"/mnt/c/Users/NaguiHW/Desktop/myProjects/frontend/torre-app/functions\",\"node_version\":\"12.19.1\"}"}}
[debug] [2020-11-28T17:52:09.129Z] [runtime-status] [5814] Disabled runtime features: undefined {"metadata":{"emulator":{"name":"functions"},"function":{"name":"api"},"message":"[runtime-status] [5814] Disabled runtime features: undefined"}}
[debug] [2020-11-28T17:52:09.129Z] [runtime-status] [5814] Resolved module firebase-admin {"declared":true,"installed":true,"version":"9.4.1","resolution":"/mnt/c/Users/NaguiHW/Desktop/myProjects/frontend/torre-app/functions/node_modules/firebase-admin/lib/index.js"} {"metadata":{"emulator":{"name":"functions"},"function":{"name":"api"},"message":"[runtime-status] [5814] Resolved module firebase-admin {\"declared\":true,\"installed\":true,\"version\":\"9.4.1\",\"resolution\":\"/mnt/c/Users/NaguiHW/Desktop/myProjects/frontend/torre-app/functions/node_modules/firebase-admin/lib/index.js\"}"}}
[debug] [2020-11-28T17:52:09.130Z] [runtime-status] [5814] Resolved module firebase-functions {"declared":true,"installed":true,"version":"3.11.0","resolution":"/mnt/c/Users/NaguiHW/Desktop/myProjects/frontend/torre-app/functions/node_modules/firebase-functions/lib/index.js"} {"metadata":{"emulator":{"name":"functions"},"function":{"name":"api"},"message":"[runtime-status] [5814] Resolved module firebase-functions {\"declared\":true,\"installed\":true,\"version\":\"3.11.0\",\"resolution\":\"/mnt/c/Users/NaguiHW/Desktop/myProjects/frontend/torre-app/functions/node_modules/firebase-functions/lib/index.js\"}"}}
[debug] [2020-11-28T17:52:09.137Z] [runtime-status] [5814] Resolved module firebase-functions {"declared":true,"installed":true,"version":"3.11.0","resolution":"/mnt/c/Users/NaguiHW/Desktop/myProjects/frontend/torre-app/functions/node_modules/firebase-functions/lib/index.js"} {"metadata":{"emulator":{"name":"functions"},"function":{"name":"api"},"message":"[runtime-status] [5814] Resolved module firebase-functions {\"declared\":true,\"installed\":true,\"version\":\"3.11.0\",\"resolution\":\"/mnt/c/Users/NaguiHW/Desktop/myProjects/frontend/torre-app/functions/node_modules/firebase-functions/lib/index.js\"}"}}
[debug] [2020-11-28T17:52:09.158Z] [runtime-status] [5814] Outgoing network have been stubbed. [{"name":"http","status":"mocked"},{"name":"http","status":"mocked"},{"name":"https","status":"mocked"},{"name":"https","status":"mocked"},{"name":"net","status":"mocked"}] {"metadata":{"emulator":{"name":"functions"},"function":{"name":"api"},"message":"[runtime-status] [5814] Outgoing network have been stubbed. [{\"name\":\"http\",\"status\":\"mocked\"},{\"name\":\"http\",\"status\":\"mocked\"},{\"name\":\"https\",\"status\":\"mocked\"},{\"name\":\"https\",\"status\":\"mocked\"},{\"name\":\"net\",\"status\":\"mocked\"}]"}}
[debug] [2020-11-28T17:52:09.158Z] [runtime-status] [5814] Resolved module firebase-functions {"declared":true,"installed":true,"version":"3.11.0","resolution":"/mnt/c/Users/NaguiHW/Desktop/myProjects/frontend/torre-app/functions/node_modules/firebase-functions/lib/index.js"} {"metadata":{"emulator":{"name":"functions"},"function":{"name":"api"},"message":"[runtime-status] [5814] Resolved module firebase-functions {\"declared\":true,\"installed\":true,\"version\":\"3.11.0\",\"resolution\":\"/mnt/c/Users/NaguiHW/Desktop/myProjects/frontend/torre-app/functions/node_modules/firebase-functions/lib/index.js\"}"}}
[debug] [2020-11-28T17:52:09.329Z] [runtime-status] [5814] Checked functions.config() {"config":{}} {"metadata":{"emulator":{"name":"functions"},"function":{"name":"api"},"message":"[runtime-status] [5814] Checked functions.config() {\"config\":{}}"}}
[debug] [2020-11-28T17:52:09.329Z] [runtime-status] [5814] firebase-functions has been stubbed. {"functionsResolution":{"declared":true,"installed":true,"version":"3.11.0","resolution":"/mnt/c/Users/NaguiHW/Desktop/myProjects/frontend/torre-app/functions/node_modules/firebase-functions/lib/index.js"}} {"metadata":{"emulator":{"name":"functions"},"function":{"name":"api"},"message":"[runtime-status] [5814] firebase-functions has been stubbed. {\"functionsResolution\":{\"declared\":true,\"installed\":true,\"version\":\"3.11.0\",\"resolution\":\"/mnt/c/Users/NaguiHW/Desktop/myProjects/frontend/torre-app/functions/node_modules/firebase-functions/lib/index.js\"}}"}}
[debug] [2020-11-28T17:52:09.330Z] [runtime-status] [5814] Resolved module firebase-functions {"declared":true,"installed":true,"version":"3.11.0","resolution":"/mnt/c/Users/NaguiHW/Desktop/myProjects/frontend/torre-app/functions/node_modules/firebase-functions/lib/index.js"} {"metadata":{"emulator":{"name":"functions"},"function":{"name":"api"},"message":"[runtime-status] [5814] Resolved module firebase-functions {\"declared\":true,\"installed\":true,\"version\":\"3.11.0\",\"resolution\":\"/mnt/c/Users/NaguiHW/Desktop/myProjects/frontend/torre-app/functions/node_modules/firebase-functions/lib/index.js\"}"}}
[debug] [2020-11-28T17:52:09.338Z] [runtime-status] [5814] Resolved module firebase-admin {"declared":true,"installed":true,"version":"9.4.1","resolution":"/mnt/c/Users/NaguiHW/Desktop/myProjects/frontend/torre-app/functions/node_modules/firebase-admin/lib/index.js"} {"metadata":{"emulator":{"name":"functions"},"function":{"name":"api"},"message":"[runtime-status] [5814] Resolved module firebase-admin {\"declared\":true,\"installed\":true,\"version\":\"9.4.1\",\"resolution\":\"/mnt/c/Users/NaguiHW/Desktop/myProjects/frontend/torre-app/functions/node_modules/firebase-admin/lib/index.js\"}"}}
[debug] [2020-11-28T17:52:09.338Z] [runtime-status] [5814] Resolved module firebase-functions {"declared":true,"installed":true,"version":"3.11.0","resolution":"/mnt/c/Users/NaguiHW/Desktop/myProjects/frontend/torre-app/functions/node_modules/firebase-functions/lib/index.js"} {"metadata":{"emulator":{"name":"functions"},"function":{"name":"api"},"message":"[runtime-status] [5814] Resolved module firebase-functions {\"declared\":true,\"installed\":true,\"version\":\"3.11.0\",\"resolution\":\"/mnt/c/Users/NaguiHW/Desktop/myProjects/frontend/torre-app/functions/node_modules/firebase-functions/lib/index.js\"}"}}
[debug] [2020-11-28T17:52:09.338Z] [runtime-status] [5814] firebase-admin has been stubbed. {"adminResolution":{"declared":true,"installed":true,"version":"9.4.1","resolution":"/mnt/c/Users/NaguiHW/Desktop/myProjects/frontend/torre-app/functions/node_modules/firebase-admin/lib/index.js"}} {"metadata":{"emulator":{"name":"functions"},"function":{"name":"api"},"message":"[runtime-status] [5814] firebase-admin has been stubbed. {\"adminResolution\":{\"declared\":true,\"installed\":true,\"version\":\"9.4.1\",\"resolution\":\"/mnt/c/Users/NaguiHW/Desktop/myProjects/frontend/torre-app/functions/node_modules/firebase-admin/lib/index.js\"}}"}}
[debug] [2020-11-28T17:52:09.666Z] [runtime-status] [5814] Trigger "api" has been found, beginning invocation! {"metadata":{"emulator":{"name":"functions"},"function":{"name":"api"},"message":"[runtime-status] [5814] Trigger \"api\" has been found, beginning invocation!"}}
[info] i  functions: Beginning execution of "api" {"metadata":{"emulator":{"name":"functions"},"function":{"name":"api"},"message":"Beginning execution of \"api\""}}
[debug] [2020-11-28T17:52:09.668Z] [runtime-status] [5814] triggerDefinition {"httpsTrigger":{},"name":"api","entryPoint":"api"} {"metadata":{"emulator":{"name":"functions"},"function":{"name":"api"},"message":"[runtime-status] [5814] triggerDefinition {\"httpsTrigger\":{},\"name\":\"api\",\"entryPoint\":\"api\"}"}}
[debug] [2020-11-28T17:52:09.668Z] [runtime-status] [5814] Running api in mode HTTPS {"metadata":{"emulator":{"name":"functions"},"function":{"name":"api"},"message":"[runtime-status] [5814] Running api in mode HTTPS"}}
[debug] [2020-11-28T17:52:09.678Z] [runtime-status] [5814] Attempting to listen to socketPath: /tmp/fire_emu_5814.sock {"metadata":{"emulator":{"name":"functions"},"function":{"name":"api"},"message":"[runtime-status] [5814] Attempting to listen to socketPath: /tmp/fire_emu_5814.sock"}}
[debug] [2020-11-28T17:52:09.695Z] [functions] Runtime ready! Sending request! {"metadata":{"emulator":{"name":"functions"},"message":"[functions] Runtime ready! Sending request!"}}
[debug] [2020-11-28T17:52:09.714Z] [runtime-status] [5814] Ephemeral server handling GET request {"metadata":{"emulator":{"name":"functions"},"function":{"name":"api"},"message":"[runtime-status] [5814] Ephemeral server handling GET request"}}
[debug] [2020-11-28T17:52:09.744Z] [runtime-status] [5814] Ephemeral server survived. {"metadata":{"emulator":{"name":"functions"},"function":{"name":"api"},"message":"[runtime-status] [5814] Ephemeral server survived."}}
[info] i  functions: Finished "api" in ~1s {"metadata":{"emulator":{"name":"functions"},"function":{"name":"api"},"message":"Finished \"api\" in ~1s"}}
[debug] [2020-11-28T17:52:09.745Z] [worker-api-b7d99303-b92b-475f-ad96-927a105e51e6]: IDLE {"metadata":{"emulator":{"name":"functions"},"message":"[worker-api-b7d99303-b92b-475f-ad96-927a105e51e6]: IDLE"}}
[debug] [2020-11-28T17:52:09.745Z] [work-queue] {"queueLength":0,"workRunningCount":0}
[debug] [2020-11-28T17:52:09.999Z] Functions emulator received unknown request at path /favicon.ico
[debug] [2020-11-28T18:07:50.529Z] File /mnt/c/Users/NaguiHW/Desktop/myProjects/frontend/torre-app/functions/index.js changed, reloading triggers {"metadata":{"emulator":{"name":"functions"},"message":"File /mnt/c/Users/NaguiHW/Desktop/myProjects/frontend/torre-app/functions/index.js changed, reloading triggers"}}
[debug] [2020-11-28T18:07:51.531Z] [worker-pool] Shutting down IDLE worker (~diagnostic~) {"metadata":{"emulator":{"name":"functions"},"message":"[worker-pool] Shutting down IDLE worker (~diagnostic~)"}}
[debug] [2020-11-28T18:07:51.531Z] [worker-~diagnostic~-4bdf78e4-87f4-4cb8-8975-d451f5797a03]: FINISHING {"metadata":{"emulator":{"name":"functions"},"message":"[worker-~diagnostic~-4bdf78e4-87f4-4cb8-8975-d451f5797a03]: FINISHING"}}
[debug] [2020-11-28T18:07:51.531Z] [worker-pool] Shutting down IDLE worker (api) {"metadata":{"emulator":{"name":"functions"},"message":"[worker-pool] Shutting down IDLE worker (api)"}}
[debug] [2020-11-28T18:07:51.531Z] [worker-api-b7d99303-b92b-475f-ad96-927a105e51e6]: FINISHING {"metadata":{"emulator":{"name":"functions"},"message":"[worker-api-b7d99303-b92b-475f-ad96-927a105e51e6]: FINISHING"}}
[debug] [2020-11-28T18:07:51.820Z] [worker-pool] addWorker(~diagnostic~) {"metadata":{"emulator":{"name":"functions"},"message":"[worker-pool] addWorker(~diagnostic~)"}}
[debug] [2020-11-28T18:07:51.821Z] [worker-pool] Adding worker with key ~diagnostic~, total=2 {"metadata":{"emulator":{"name":"functions"},"message":"[worker-pool] Adding worker with key ~diagnostic~, total=2"}}
[debug] [2020-11-28T18:07:51.824Z] [worker-pool] submitWork(triggerId=) {"metadata":{"emulator":{"name":"functions"},"message":"[worker-pool] submitWork(triggerId=)"}}
[debug] [2020-11-28T18:07:51.824Z] [worker-~diagnostic~-81ca446f-a513-4a88-b74d-5eb266604c17]: Assigning socketPath: /tmp/fire_emu_6020.sock {"metadata":{"emulator":{"name":"functions"},"message":"[worker-~diagnostic~-81ca446f-a513-4a88-b74d-5eb266604c17]: Assigning socketPath: /tmp/fire_emu_6020.sock"}}
[debug] [2020-11-28T18:07:51.825Z] [worker-~diagnostic~-81ca446f-a513-4a88-b74d-5eb266604c17]: BUSY {"metadata":{"emulator":{"name":"functions"},"message":"[worker-~diagnostic~-81ca446f-a513-4a88-b74d-5eb266604c17]: BUSY"}}
[debug] [2020-11-28T18:07:51.829Z] [worker-~diagnostic~-4bdf78e4-87f4-4cb8-8975-d451f5797a03]: exited {"metadata":{"emulator":{"name":"functions"},"message":"[worker-~diagnostic~-4bdf78e4-87f4-4cb8-8975-d451f5797a03]: exited"}}
[debug] [2020-11-28T18:07:51.830Z] [worker-~diagnostic~-4bdf78e4-87f4-4cb8-8975-d451f5797a03]: FINISHED {"metadata":{"emulator":{"name":"functions"},"message":"[worker-~diagnostic~-4bdf78e4-87f4-4cb8-8975-d451f5797a03]: FINISHED"}}
[debug] [2020-11-28T18:07:51.830Z] [worker-api-b7d99303-b92b-475f-ad96-927a105e51e6]: exited {"metadata":{"emulator":{"name":"functions"},"message":"[worker-api-b7d99303-b92b-475f-ad96-927a105e51e6]: exited"}}
[debug] [2020-11-28T18:07:51.830Z] [worker-api-b7d99303-b92b-475f-ad96-927a105e51e6]: FINISHED {"metadata":{"emulator":{"name":"functions"},"message":"[worker-api-b7d99303-b92b-475f-ad96-927a105e51e6]: FINISHED"}}
[debug] [2020-11-28T18:07:52.820Z] [runtime-status] [6020] Functions runtime initialized. {"cwd":"/mnt/c/Users/NaguiHW/Desktop/myProjects/frontend/torre-app/functions","node_version":"12.19.1"} {"metadata":{"emulator":{"name":"functions"},"message":"[runtime-status] [6020] Functions runtime initialized. {\"cwd\":\"/mnt/c/Users/NaguiHW/Desktop/myProjects/frontend/torre-app/functions\",\"node_version\":\"12.19.1\"}"}}
[debug] [2020-11-28T18:07:52.826Z] [runtime-status] [6020] Disabled runtime features: undefined {"metadata":{"emulator":{"name":"functions"},"message":"[runtime-status] [6020] Disabled runtime features: undefined"}}
[debug] [2020-11-28T18:07:52.827Z] [runtime-status] [6020] Resolved module firebase-admin {"declared":true,"installed":true,"version":"9.4.1","resolution":"/mnt/c/Users/NaguiHW/Desktop/myProjects/frontend/torre-app/functions/node_modules/firebase-admin/lib/index.js"} {"metadata":{"emulator":{"name":"functions"},"message":"[runtime-status] [6020] Resolved module firebase-admin {\"declared\":true,\"installed\":true,\"version\":\"9.4.1\",\"resolution\":\"/mnt/c/Users/NaguiHW/Desktop/myProjects/frontend/torre-app/functions/node_modules/firebase-admin/lib/index.js\"}"}}
[debug] [2020-11-28T18:07:52.833Z] [runtime-status] [6020] Resolved module firebase-functions {"declared":true,"installed":true,"version":"3.11.0","resolution":"/mnt/c/Users/NaguiHW/Desktop/myProjects/frontend/torre-app/functions/node_modules/firebase-functions/lib/index.js"} {"metadata":{"emulator":{"name":"functions"},"message":"[runtime-status] [6020] Resolved module firebase-functions {\"declared\":true,\"installed\":true,\"version\":\"3.11.0\",\"resolution\":\"/mnt/c/Users/NaguiHW/Desktop/myProjects/frontend/torre-app/functions/node_modules/firebase-functions/lib/index.js\"}"}}
[debug] [2020-11-28T18:07:52.834Z] [runtime-status] [6020] Resolved module firebase-functions {"declared":true,"installed":true,"version":"3.11.0","resolution":"/mnt/c/Users/NaguiHW/Desktop/myProjects/frontend/torre-app/functions/node_modules/firebase-functions/lib/index.js"} {"metadata":{"emulator":{"name":"functions"},"message":"[runtime-status] [6020] Resolved module firebase-functions {\"declared\":true,\"installed\":true,\"version\":\"3.11.0\",\"resolution\":\"/mnt/c/Users/NaguiHW/Desktop/myProjects/frontend/torre-app/functions/node_modules/firebase-functions/lib/index.js\"}"}}
[debug] [2020-11-28T18:07:52.836Z] [runtime-status] [6020] Outgoing network have been stubbed. [{"name":"http","status":"mocked"},{"name":"http","status":"mocked"},{"name":"https","status":"mocked"},{"name":"https","status":"mocked"},{"name":"net","status":"mocked"}] {"metadata":{"emulator":{"name":"functions"},"message":"[runtime-status] [6020] Outgoing network have been stubbed. [{\"name\":\"http\",\"status\":\"mocked\"},{\"name\":\"http\",\"status\":\"mocked\"},{\"name\":\"https\",\"status\":\"mocked\"},{\"name\":\"https\",\"status\":\"mocked\"},{\"name\":\"net\",\"status\":\"mocked\"}]"}}
[debug] [2020-11-28T18:07:52.837Z] [runtime-status] [6020] Resolved module firebase-functions {"declared":true,"installed":true,"version":"3.11.0","resolution":"/mnt/c/Users/NaguiHW/Desktop/myProjects/frontend/torre-app/functions/node_modules/firebase-functions/lib/index.js"} {"metadata":{"emulator":{"name":"functions"},"message":"[runtime-status] [6020] Resolved module firebase-functions {\"declared\":true,\"installed\":true,\"version\":\"3.11.0\",\"resolution\":\"/mnt/c/Users/NaguiHW/Desktop/myProjects/frontend/torre-app/functions/node_modules/firebase-functions/lib/index.js\"}"}}
[debug] [2020-11-28T18:07:52.922Z] [runtime-status] [6020] Checked functions.config() {"config":{}} {"metadata":{"emulator":{"name":"functions"},"message":"[runtime-status] [6020] Checked functions.config() {\"config\":{}}"}}
[debug] [2020-11-28T18:07:52.922Z] [runtime-status] [6020] firebase-functions has been stubbed. {"functionsResolution":{"declared":true,"installed":true,"version":"3.11.0","resolution":"/mnt/c/Users/NaguiHW/Desktop/myProjects/frontend/torre-app/functions/node_modules/firebase-functions/lib/index.js"}} {"metadata":{"emulator":{"name":"functions"},"message":"[runtime-status] [6020] firebase-functions has been stubbed. {\"functionsResolution\":{\"declared\":true,\"installed\":true,\"version\":\"3.11.0\",\"resolution\":\"/mnt/c/Users/NaguiHW/Desktop/myProjects/frontend/torre-app/functions/node_modules/firebase-functions/lib/index.js\"}}"}}
[debug] [2020-11-28T18:07:52.923Z] [runtime-status] [6020] Resolved module firebase-functions {"declared":true,"installed":true,"version":"3.11.0","resolution":"/mnt/c/Users/NaguiHW/Desktop/myProjects/frontend/torre-app/functions/node_modules/firebase-functions/lib/index.js"} {"metadata":{"emulator":{"name":"functions"},"message":"[runtime-status] [6020] Resolved module firebase-functions {\"declared\":true,\"installed\":true,\"version\":\"3.11.0\",\"resolution\":\"/mnt/c/Users/NaguiHW/Desktop/myProjects/frontend/torre-app/functions/node_modules/firebase-functions/lib/index.js\"}"}}
[debug] [2020-11-28T18:07:52.925Z] [runtime-status] [6020] Resolved module firebase-admin {"declared":true,"installed":true,"version":"9.4.1","resolution":"/mnt/c/Users/NaguiHW/Desktop/myProjects/frontend/torre-app/functions/node_modules/firebase-admin/lib/index.js"} {"metadata":{"emulator":{"name":"functions"},"message":"[runtime-status] [6020] Resolved module firebase-admin {\"declared\":true,\"installed\":true,\"version\":\"9.4.1\",\"resolution\":\"/mnt/c/Users/NaguiHW/Desktop/myProjects/frontend/torre-app/functions/node_modules/firebase-admin/lib/index.js\"}"}}
[debug] [2020-11-28T18:07:52.927Z] [runtime-status] [6020] Resolved module firebase-functions {"declared":true,"installed":true,"version":"3.11.0","resolution":"/mnt/c/Users/NaguiHW/Desktop/myProjects/frontend/torre-app/functions/node_modules/firebase-functions/lib/index.js"} {"metadata":{"emulator":{"name":"functions"},"message":"[runtime-status] [6020] Resolved module firebase-functions {\"declared\":true,\"installed\":true,\"version\":\"3.11.0\",\"resolution\":\"/mnt/c/Users/NaguiHW/Desktop/myProjects/frontend/torre-app/functions/node_modules/firebase-functions/lib/index.js\"}"}}
[debug] [2020-11-28T18:07:52.928Z] [runtime-status] [6020] firebase-admin has been stubbed. {"adminResolution":{"declared":true,"installed":true,"version":"9.4.1","resolution":"/mnt/c/Users/NaguiHW/Desktop/myProjects/frontend/torre-app/functions/node_modules/firebase-admin/lib/index.js"}} {"metadata":{"emulator":{"name":"functions"},"message":"[runtime-status] [6020] firebase-admin has been stubbed. {\"adminResolution\":{\"declared\":true,\"installed\":true,\"version\":\"9.4.1\",\"resolution\":\"/mnt/c/Users/NaguiHW/Desktop/myProjects/frontend/torre-app/functions/node_modules/firebase-admin/lib/index.js\"}}"}}
[warn] ⚠  /mnt/c/Users/NaguiHW/Desktop/myProjects/frontend/torre-app/functions/index.js:22
})
^

SyntaxError: Unexpected token '}'
    at wrapSafe (internal/modules/cjs/loader.js:931:16)
    at Module._compile (internal/modules/cjs/loader.js:979:27)
    at Object.Module._extensions..js (internal/modules/cjs/loader.js:1035:10)
    at Module.load (internal/modules/cjs/loader.js:879:32)
    at Function.Module._load (internal/modules/cjs/loader.js:724:14)
    at Module.require (internal/modules/cjs/loader.js:903:19)
    at require (internal/modules/cjs/helpers.js:74:18)
    at /usr/lib/node_modules/firebase-tools/lib/emulator/functionsEmulatorRuntime.js:706:33
    at Generator.next (<anonymous>)
    at fulfilled (/usr/lib/node_modules/firebase-tools/lib/emulator/functionsEmulatorRuntime.js:5:58) {"metadata":{"emulator":{"name":"functions"},"message":"/mnt/c/Users/NaguiHW/Desktop/myProjects/frontend/torre-app/functions/index.js:22\n})\n^\n\nSyntaxError: Unexpected token '}'\n    at wrapSafe (internal/modules/cjs/loader.js:931:16)\n    at Module._compile (internal/modules/cjs/loader.js:979:27)\n    at Object.Module._extensions..js (internal/modules/cjs/loader.js:1035:10)\n    at Module.load (internal/modules/cjs/loader.js:879:32)\n    at Function.Module._load (internal/modules/cjs/loader.js:724:14)\n    at Module.require (internal/modules/cjs/loader.js:903:19)\n    at require (internal/modules/cjs/helpers.js:74:18)\n    at /usr/lib/node_modules/firebase-tools/lib/emulator/functionsEmulatorRuntime.js:706:33\n    at Generator.next (<anonymous>)\n    at fulfilled (/usr/lib/node_modules/firebase-tools/lib/emulator/functionsEmulatorRuntime.js:5:58)"}}
[warn] ⚠  We were unable to load your functions code. (see above) {"metadata":{"emulator":{"name":"functions"}}}
[debug] [2020-11-28T18:07:52.953Z] [worker-~diagnostic~-81ca446f-a513-4a88-b74d-5eb266604c17]: exited {"metadata":{"emulator":{"name":"functions"},"message":"[worker-~diagnostic~-81ca446f-a513-4a88-b74d-5eb266604c17]: exited"}}
[debug] [2020-11-28T18:07:52.953Z] [worker-~diagnostic~-81ca446f-a513-4a88-b74d-5eb266604c17]: FINISHED {"metadata":{"emulator":{"name":"functions"},"message":"[worker-~diagnostic~-81ca446f-a513-4a88-b74d-5eb266604c17]: FINISHED"}}
[debug] [2020-11-28T18:13:10.957Z] File /mnt/c/Users/NaguiHW/Desktop/myProjects/frontend/torre-app/functions/index.js changed, reloading triggers {"metadata":{"emulator":{"name":"functions"},"message":"File /mnt/c/Users/NaguiHW/Desktop/myProjects/frontend/torre-app/functions/index.js changed, reloading triggers"}}
[debug] [2020-11-28T18:13:11.958Z] [worker-pool] Cleaned up workers for ~diagnostic~: 2 --> 0 {"metadata":{"emulator":{"name":"functions"},"message":"[worker-pool] Cleaned up workers for ~diagnostic~: 2 --> 0"}}
[debug] [2020-11-28T18:13:11.958Z] [worker-pool] Cleaned up workers for api: 1 --> 0 {"metadata":{"emulator":{"name":"functions"},"message":"[worker-pool] Cleaned up workers for api: 1 --> 0"}}
[debug] [2020-11-28T18:13:11.977Z] [worker-pool] addWorker(~diagnostic~) {"metadata":{"emulator":{"name":"functions"},"message":"[worker-pool] addWorker(~diagnostic~)"}}
[debug] [2020-11-28T18:13:11.978Z] [worker-pool] Adding worker with key ~diagnostic~, total=1 {"metadata":{"emulator":{"name":"functions"},"message":"[worker-pool] Adding worker with key ~diagnostic~, total=1"}}
[debug] [2020-11-28T18:13:11.978Z] [worker-pool] submitWork(triggerId=) {"metadata":{"emulator":{"name":"functions"},"message":"[worker-pool] submitWork(triggerId=)"}}
[debug] [2020-11-28T18:13:11.978Z] [worker-~diagnostic~-12ce856f-1f73-4777-b29a-a92742606531]: Assigning socketPath: /tmp/fire_emu_6188.sock {"metadata":{"emulator":{"name":"functions"},"message":"[worker-~diagnostic~-12ce856f-1f73-4777-b29a-a92742606531]: Assigning socketPath: /tmp/fire_emu_6188.sock"}}
[debug] [2020-11-28T18:13:11.978Z] [worker-~diagnostic~-12ce856f-1f73-4777-b29a-a92742606531]: BUSY {"metadata":{"emulator":{"name":"functions"},"message":"[worker-~diagnostic~-12ce856f-1f73-4777-b29a-a92742606531]: BUSY"}}
[debug] [2020-11-28T18:13:12.562Z] [runtime-status] [6188] Functions runtime initialized. {"cwd":"/mnt/c/Users/NaguiHW/Desktop/myProjects/frontend/torre-app/functions","node_version":"12.19.1"} {"metadata":{"emulator":{"name":"functions"},"message":"[runtime-status] [6188] Functions runtime initialized. {\"cwd\":\"/mnt/c/Users/NaguiHW/Desktop/myProjects/frontend/torre-app/functions\",\"node_version\":\"12.19.1\"}"}}
[debug] [2020-11-28T18:13:12.567Z] [runtime-status] [6188] Disabled runtime features: undefined {"metadata":{"emulator":{"name":"functions"},"message":"[runtime-status] [6188] Disabled runtime features: undefined"}}
[debug] [2020-11-28T18:13:12.569Z] [runtime-status] [6188] Resolved module firebase-admin {"declared":true,"installed":true,"version":"9.4.1","resolution":"/mnt/c/Users/NaguiHW/Desktop/myProjects/frontend/torre-app/functions/node_modules/firebase-admin/lib/index.js"} {"metadata":{"emulator":{"name":"functions"},"message":"[runtime-status] [6188] Resolved module firebase-admin {\"declared\":true,\"installed\":true,\"version\":\"9.4.1\",\"resolution\":\"/mnt/c/Users/NaguiHW/Desktop/myProjects/frontend/torre-app/functions/node_modules/firebase-admin/lib/index.js\"}"}}
[debug] [2020-11-28T18:13:12.575Z] [runtime-status] [6188] Resolved module firebase-functions {"declared":true,"installed":true,"version":"3.11.0","resolution":"/mnt/c/Users/NaguiHW/Desktop/myProjects/frontend/torre-app/functions/node_modules/firebase-functions/lib/index.js"} {"metadata":{"emulator":{"name":"functions"},"message":"[runtime-status] [6188] Resolved module firebase-functions {\"declared\":true,\"installed\":true,\"version\":\"3.11.0\",\"resolution\":\"/mnt/c/Users/NaguiHW/Desktop/myProjects/frontend/torre-app/functions/node_modules/firebase-functions/lib/index.js\"}"}}
[debug] [2020-11-28T18:13:12.576Z] [runtime-status] [6188] Resolved module firebase-functions {"declared":true,"installed":true,"version":"3.11.0","resolution":"/mnt/c/Users/NaguiHW/Desktop/myProjects/frontend/torre-app/functions/node_modules/firebase-functions/lib/index.js"} {"metadata":{"emulator":{"name":"functions"},"message":"[runtime-status] [6188] Resolved module firebase-functions {\"declared\":true,\"installed\":true,\"version\":\"3.11.0\",\"resolution\":\"/mnt/c/Users/NaguiHW/Desktop/myProjects/frontend/torre-app/functions/node_modules/firebase-functions/lib/index.js\"}"}}
[debug] [2020-11-28T18:13:12.577Z] [runtime-status] [6188] Outgoing network have been stubbed. [{"name":"http","status":"mocked"},{"name":"http","status":"mocked"},{"name":"https","status":"mocked"},{"name":"https","status":"mocked"},{"name":"net","status":"mocked"}] {"metadata":{"emulator":{"name":"functions"},"message":"[runtime-status] [6188] Outgoing network have been stubbed. [{\"name\":\"http\",\"status\":\"mocked\"},{\"name\":\"http\",\"status\":\"mocked\"},{\"name\":\"https\",\"status\":\"mocked\"},{\"name\":\"https\",\"status\":\"mocked\"},{\"name\":\"net\",\"status\":\"mocked\"}]"}}
[debug] [2020-11-28T18:13:12.578Z] [runtime-status] [6188] Resolved module firebase-functions {"declared":true,"installed":true,"version":"3.11.0","resolution":"/mnt/c/Users/NaguiHW/Desktop/myProjects/frontend/torre-app/functions/node_modules/firebase-functions/lib/index.js"} {"metadata":{"emulator":{"name":"functions"},"message":"[runtime-status] [6188] Resolved module firebase-functions {\"declared\":true,\"installed\":true,\"version\":\"3.11.0\",\"resolution\":\"/mnt/c/Users/NaguiHW/Desktop/myProjects/frontend/torre-app/functions/node_modules/firebase-functions/lib/index.js\"}"}}
[debug] [2020-11-28T18:13:12.651Z] [runtime-status] [6188] Checked functions.config() {"config":{}} {"metadata":{"emulator":{"name":"functions"},"message":"[runtime-status] [6188] Checked functions.config() {\"config\":{}}"}}
[debug] [2020-11-28T18:13:12.651Z] [runtime-status] [6188] firebase-functions has been stubbed. {"functionsResolution":{"declared":true,"installed":true,"version":"3.11.0","resolution":"/mnt/c/Users/NaguiHW/Desktop/myProjects/frontend/torre-app/functions/node_modules/firebase-functions/lib/index.js"}} {"metadata":{"emulator":{"name":"functions"},"message":"[runtime-status] [6188] firebase-functions has been stubbed. {\"functionsResolution\":{\"declared\":true,\"installed\":true,\"version\":\"3.11.0\",\"resolution\":\"/mnt/c/Users/NaguiHW/Desktop/myProjects/frontend/torre-app/functions/node_modules/firebase-functions/lib/index.js\"}}"}}
[debug] [2020-11-28T18:13:12.652Z] [runtime-status] [6188] Resolved module firebase-functions {"declared":true,"installed":true,"version":"3.11.0","resolution":"/mnt/c/Users/NaguiHW/Desktop/myProjects/frontend/torre-app/functions/node_modules/firebase-functions/lib/index.js"} {"metadata":{"emulator":{"name":"functions"},"message":"[runtime-status] [6188] Resolved module firebase-functions {\"declared\":true,\"installed\":true,\"version\":\"3.11.0\",\"resolution\":\"/mnt/c/Users/NaguiHW/Desktop/myProjects/frontend/torre-app/functions/node_modules/firebase-functions/lib/index.js\"}"}}
[debug] [2020-11-28T18:13:12.654Z] [runtime-status] [6188] Resolved module firebase-admin {"declared":true,"installed":true,"version":"9.4.1","resolution":"/mnt/c/Users/NaguiHW/Desktop/myProjects/frontend/torre-app/functions/node_modules/firebase-admin/lib/index.js"} {"metadata":{"emulator":{"name":"functions"},"message":"[runtime-status] [6188] Resolved module firebase-admin {\"declared\":true,\"installed\":true,\"version\":\"9.4.1\",\"resolution\":\"/mnt/c/Users/NaguiHW/Desktop/myProjects/frontend/torre-app/functions/node_modules/firebase-admin/lib/index.js\"}"}}
[debug] [2020-11-28T18:13:12.655Z] [runtime-status] [6188] Resolved module firebase-functions {"declared":true,"installed":true,"version":"3.11.0","resolution":"/mnt/c/Users/NaguiHW/Desktop/myProjects/frontend/torre-app/functions/node_modules/firebase-functions/lib/index.js"} {"metadata":{"emulator":{"name":"functions"},"message":"[runtime-status] [6188] Resolved module firebase-functions {\"declared\":true,\"installed\":true,\"version\":\"3.11.0\",\"resolution\":\"/mnt/c/Users/NaguiHW/Desktop/myProjects/frontend/torre-app/functions/node_modules/firebase-functions/lib/index.js\"}"}}
[debug] [2020-11-28T18:13:12.655Z] [runtime-status] [6188] firebase-admin has been stubbed. {"adminResolution":{"declared":true,"installed":true,"version":"9.4.1","resolution":"/mnt/c/Users/NaguiHW/Desktop/myProjects/frontend/torre-app/functions/node_modules/firebase-admin/lib/index.js"}} {"metadata":{"emulator":{"name":"functions"},"message":"[runtime-status] [6188] firebase-admin has been stubbed. {\"adminResolution\":{\"declared\":true,\"installed\":true,\"version\":\"9.4.1\",\"resolution\":\"/mnt/c/Users/NaguiHW/Desktop/myProjects/frontend/torre-app/functions/node_modules/firebase-admin/lib/index.js\"}}"}}
[debug] [2020-11-28T18:13:12.901Z] [worker-~diagnostic~-12ce856f-1f73-4777-b29a-a92742606531]: IDLE {"metadata":{"emulator":{"name":"functions"},"message":"[worker-~diagnostic~-12ce856f-1f73-4777-b29a-a92742606531]: IDLE"}}
